<?xml version="1.0" encoding="UTF-8"?>
<coverage generated="1626258195738" clover="3.2.0">
  <project timestamp="1626258195738" name="All files">
    <metrics statements="138" coveredstatements="110" conditionals="64" coveredconditionals="41" methods="52" coveredmethods="39" elements="254" coveredelements="190" complexity="0" loc="138" ncloc="138" packages="14" files="22" classes="22"/>
    <package name="components.Admin">
      <metrics statements="56" coveredstatements="43" conditionals="26" coveredconditionals="13" methods="19" coveredmethods="15"/>
      <file name="admin.helper.js" path="D:\React Projects\geektrust\admin-ui-geektrust\src\components\Admin\admin.helper.js">
        <metrics statements="6" coveredstatements="6" conditionals="0" coveredconditionals="0" methods="1" coveredmethods="1"/>
        <line num="4" count="1" type="stmt"/>
        <line num="5" count="2" type="stmt"/>
        <line num="6" count="2" type="stmt"/>
        <line num="7" count="1" type="stmt"/>
        <line num="8" count="1" type="stmt"/>
        <line num="10" count="1" type="stmt"/>
      </file>
      <file name="index.js" path="D:\React Projects\geektrust\admin-ui-geektrust\src\components\Admin\index.js">
        <metrics statements="50" coveredstatements="37" conditionals="26" coveredconditionals="13" methods="18" coveredmethods="14"/>
        <line num="9" count="1" type="stmt"/>
        <line num="18" count="1" type="stmt"/>
        <line num="19" count="11" type="cond" truecount="1" falsecount="1"/>
        <line num="21" count="11" type="stmt"/>
        <line num="23" count="0" type="stmt"/>
        <line num="27" count="1" type="stmt"/>
        <line num="28" count="19" type="stmt"/>
        <line num="30" count="19" type="stmt"/>
        <line num="31" count="6" type="cond" truecount="1" falsecount="1"/>
        <line num="32" count="6" type="stmt"/>
        <line num="33" count="6" type="stmt"/>
        <line num="34" count="6" type="stmt"/>
        <line num="35" count="6" type="stmt"/>
        <line num="36" count="12" type="stmt"/>
        <line num="38" count="6" type="stmt"/>
        <line num="47" count="0" type="stmt"/>
        <line num="50" count="6" type="stmt"/>
        <line num="54" count="19" type="stmt"/>
        <line num="55" count="19" type="stmt"/>
        <line num="58" count="19" type="stmt"/>
        <line num="59" count="0" type="stmt"/>
        <line num="60" count="0" type="cond" truecount="0" falsecount="2"/>
        <line num="61" count="0" type="stmt"/>
        <line num="63" count="0" type="stmt"/>
        <line num="67" count="19" type="stmt"/>
        <line num="69" count="1" type="cond" truecount="1" falsecount="1"/>
        <line num="70" count="2" type="stmt"/>
        <line num="71" count="1" type="stmt"/>
        <line num="83" count="19" type="stmt"/>
        <line num="85" count="1" type="cond" truecount="3" falsecount="1"/>
        <line num="86" count="2" type="cond" truecount="2" falsecount="0"/>
        <line num="87" count="1" type="stmt"/>
        <line num="93" count="19" type="stmt"/>
        <line num="95" count="2" type="stmt"/>
        <line num="96" count="4" type="cond" truecount="3" falsecount="1"/>
        <line num="97" count="4" type="stmt"/>
        <line num="99" count="0" type="stmt"/>
        <line num="101" count="2" type="stmt"/>
        <line num="106" count="19" type="stmt"/>
        <line num="108" count="0" type="cond" truecount="0" falsecount="2"/>
        <line num="109" count="0" type="cond" truecount="0" falsecount="2"/>
        <line num="110" count="0" type="stmt"/>
        <line num="116" count="19" type="stmt"/>
        <line num="117" count="2" type="stmt"/>
        <line num="118" count="1" type="stmt"/>
        <line num="127" count="19" type="stmt"/>
        <line num="129" count="0" type="stmt"/>
        <line num="130" count="0" type="stmt"/>
        <line num="131" count="0" type="stmt"/>
        <line num="143" count="19" type="stmt"/>
      </file>
    </package>
    <package name="components.Admin.components">
      <metrics statements="0" coveredstatements="0" conditionals="0" coveredconditionals="0" methods="0" coveredmethods="0"/>
      <file name="index.js" path="D:\React Projects\geektrust\admin-ui-geektrust\src\components\Admin\components\index.js">
        <metrics statements="0" coveredstatements="0" conditionals="0" coveredconditionals="0" methods="0" coveredmethods="0"/>
      </file>
    </package>
    <package name="components.Admin.components.AdminList">
      <metrics statements="6" coveredstatements="6" conditionals="5" coveredconditionals="5" methods="4" coveredmethods="4"/>
      <file name="index.js" path="D:\React Projects\geektrust\admin-ui-geektrust\src\components\Admin\components\AdminList\index.js">
        <metrics statements="6" coveredstatements="6" conditionals="5" coveredconditionals="5" methods="4" coveredmethods="4"/>
        <line num="8" count="2" type="stmt"/>
        <line num="9" count="23" type="stmt"/>
        <line num="11" count="23" type="stmt"/>
        <line num="43" count="31" type="stmt"/>
        <line num="50" count="30" type="stmt"/>
        <line num="65" count="2" type="stmt"/>
      </file>
    </package>
    <package name="components.Admin.components.AdminList.components">
      <metrics statements="0" coveredstatements="0" conditionals="0" coveredconditionals="0" methods="0" coveredmethods="0"/>
      <file name="index.js" path="D:\React Projects\geektrust\admin-ui-geektrust\src\components\Admin\components\AdminList\components\index.js">
        <metrics statements="0" coveredstatements="0" conditionals="0" coveredconditionals="0" methods="0" coveredmethods="0"/>
      </file>
    </package>
    <package name="components.Admin.components.AdminList.components.AdminActions">
      <metrics statements="5" coveredstatements="5" conditionals="3" coveredconditionals="1" methods="5" coveredmethods="3"/>
      <file name="index.js" path="D:\React Projects\geektrust\admin-ui-geektrust\src\components\Admin\components\AdminList\components\AdminActions\index.js">
        <metrics statements="5" coveredstatements="5" conditionals="3" coveredconditionals="1" methods="5" coveredmethods="3"/>
        <line num="10" count="4" type="cond" truecount="1" falsecount="2"/>
        <line num="11" count="33" type="stmt"/>
        <line num="19" count="3" type="stmt"/>
        <line num="26" count="4" type="stmt"/>
        <line num="33" count="4" type="stmt"/>
      </file>
    </package>
    <package name="components.Admin.components.AdminList.components.RenderAdminRow">
      <metrics statements="12" coveredstatements="9" conditionals="5" coveredconditionals="4" methods="5" coveredmethods="2"/>
      <file name="index.js" path="D:\React Projects\geektrust\admin-ui-geektrust\src\components\Admin\components\AdminList\components\RenderAdminRow\index.js">
        <metrics statements="12" coveredstatements="9" conditionals="5" coveredconditionals="4" methods="5" coveredmethods="2"/>
        <line num="10" count="3" type="stmt"/>
        <line num="16" count="37" type="stmt"/>
        <line num="17" count="37" type="stmt"/>
        <line num="18" count="37" type="stmt"/>
        <line num="19" count="37" type="stmt"/>
        <line num="21" count="37" type="stmt"/>
        <line num="31" count="0" type="stmt"/>
        <line num="44" count="0" type="stmt"/>
        <line num="63" count="2" type="stmt"/>
        <line num="68" count="2" type="stmt"/>
        <line num="71" count="0" type="stmt"/>
        <line num="81" count="3" type="stmt"/>
      </file>
    </package>
    <package name="components.Admin.components.DeleteSelected">
      <metrics statements="4" coveredstatements="4" conditionals="0" coveredconditionals="0" methods="2" coveredmethods="2"/>
      <file name="index.js" path="D:\React Projects\geektrust\admin-ui-geektrust\src\components\Admin\components\DeleteSelected\index.js">
        <metrics statements="4" coveredstatements="4" conditionals="0" coveredconditionals="0" methods="2" coveredmethods="2"/>
        <line num="7" count="2" type="stmt"/>
        <line num="8" count="19" type="stmt"/>
        <line num="10" count="2" type="stmt"/>
        <line num="17" count="2" type="stmt"/>
      </file>
    </package>
    <package name="components.Admin.components.SearchAdmin">
      <metrics statements="3" coveredstatements="3" conditionals="0" coveredconditionals="0" methods="1" coveredmethods="1"/>
      <file name="index.js" path="D:\React Projects\geektrust\admin-ui-geektrust\src\components\Admin\components\SearchAdmin\index.js">
        <metrics statements="3" coveredstatements="3" conditionals="0" coveredconditionals="0" methods="1" coveredmethods="1"/>
        <line num="6" count="2" type="stmt"/>
        <line num="7" count="8" type="stmt"/>
        <line num="20" count="2" type="stmt"/>
      </file>
    </package>
    <package name="components.common">
      <metrics statements="0" coveredstatements="0" conditionals="0" coveredconditionals="0" methods="0" coveredmethods="0"/>
      <file name="index.js" path="D:\React Projects\geektrust\admin-ui-geektrust\src\components\common\index.js">
        <metrics statements="0" coveredstatements="0" conditionals="0" coveredconditionals="0" methods="0" coveredmethods="0"/>
      </file>
    </package>
    <package name="components.common.Pagination">
      <metrics statements="30" coveredstatements="18" conditionals="19" coveredconditionals="13" methods="10" coveredmethods="6"/>
      <file name="index.js" path="D:\React Projects\geektrust\admin-ui-geektrust\src\components\common\Pagination\index.js">
        <metrics statements="30" coveredstatements="18" conditionals="19" coveredconditionals="13" methods="10" coveredmethods="6"/>
        <line num="10" count="24" type="stmt"/>
        <line num="12" count="6" type="cond" truecount="3" falsecount="0"/>
        <line num="13" count="24" type="stmt"/>
        <line num="15" count="24" type="stmt"/>
        <line num="16" count="0" type="cond" truecount="0" falsecount="2"/>
        <line num="17" count="0" type="stmt"/>
        <line num="18" count="0" type="stmt"/>
        <line num="19" count="0" type="stmt"/>
        <line num="23" count="24" type="stmt"/>
        <line num="24" count="0" type="cond" truecount="0" falsecount="2"/>
        <line num="25" count="0" type="stmt"/>
        <line num="26" count="0" type="stmt"/>
        <line num="27" count="0" type="stmt"/>
        <line num="31" count="24" type="stmt"/>
        <line num="32" count="1" type="cond" truecount="3" falsecount="1"/>
        <line num="33" count="1" type="stmt"/>
        <line num="34" count="1" type="stmt"/>
        <line num="36" count="1" type="cond" truecount="1" falsecount="1"/>
        <line num="37" count="0" type="stmt"/>
        <line num="38" count="0" type="stmt"/>
        <line num="42" count="24" type="stmt"/>
        <line num="43" count="0" type="stmt"/>
        <line num="44" count="0" type="stmt"/>
        <line num="47" count="24" type="stmt"/>
        <line num="48" count="1" type="stmt"/>
        <line num="49" count="1" type="stmt"/>
        <line num="52" count="24" type="stmt"/>
        <line num="67" count="27" type="stmt"/>
        <line num="71" count="1" type="stmt"/>
        <line num="93" count="6" type="stmt"/>
      </file>
    </package>
    <package name="components.common.VerticalGap">
      <metrics statements="3" coveredstatements="3" conditionals="1" coveredconditionals="1" methods="1" coveredmethods="1"/>
      <file name="index.js" path="D:\React Projects\geektrust\admin-ui-geektrust\src\components\common\VerticalGap\index.js">
        <metrics statements="3" coveredstatements="3" conditionals="1" coveredconditionals="1" methods="1" coveredmethods="1"/>
        <line num="5" count="6" type="cond" truecount="1" falsecount="0"/>
        <line num="6" count="8" type="stmt"/>
        <line num="9" count="6" type="stmt"/>
      </file>
    </package>
    <package name="components.common.WithBoundary">
      <metrics statements="10" coveredstatements="10" conditionals="5" coveredconditionals="4" methods="5" coveredmethods="5"/>
      <file name="index.js" path="D:\React Projects\geektrust\admin-ui-geektrust\src\components\common\WithBoundary\index.js">
        <metrics statements="10" coveredstatements="10" conditionals="5" coveredconditionals="4" methods="5" coveredmethods="5"/>
        <line num="3" count="6" type="stmt"/>
        <line num="5" count="6" type="cond" truecount="1" falsecount="0"/>
        <line num="6" count="14" type="stmt"/>
        <line num="8" count="76" type="stmt"/>
        <line num="9" count="76" type="stmt"/>
        <line num="12" count="1" type="stmt"/>
        <line num="13" count="1" type="stmt"/>
        <line num="16" count="127" type="cond" truecount="2" falsecount="0"/>
        <line num="17" count="1" type="cond" truecount="1" falsecount="1"/>
        <line num="19" count="126" type="stmt"/>
      </file>
    </package>
    <package name="components.images">
      <metrics statements="8" coveredstatements="8" conditionals="0" coveredconditionals="0" methods="0" coveredmethods="0"/>
      <file name="check.png" path="D:\React Projects\geektrust\admin-ui-geektrust\src\components\images\check.png">
        <metrics statements="1" coveredstatements="1" conditionals="0" coveredconditionals="0" methods="0" coveredmethods="0"/>
        <line num="1" count="3" type="stmt"/>
      </file>
      <file name="delete.png" path="D:\React Projects\geektrust\admin-ui-geektrust\src\components\images\delete.png">
        <metrics statements="1" coveredstatements="1" conditionals="0" coveredconditionals="0" methods="0" coveredmethods="0"/>
        <line num="1" count="4" type="stmt"/>
      </file>
      <file name="editing.png" path="D:\React Projects\geektrust\admin-ui-geektrust\src\components\images\editing.png">
        <metrics statements="1" coveredstatements="1" conditionals="0" coveredconditionals="0" methods="0" coveredmethods="0"/>
        <line num="1" count="4" type="stmt"/>
      </file>
      <file name="leading-arrow.png" path="D:\React Projects\geektrust\admin-ui-geektrust\src\components\images\leading-arrow.png">
        <metrics statements="1" coveredstatements="1" conditionals="0" coveredconditionals="0" methods="0" coveredmethods="0"/>
        <line num="1" count="6" type="stmt"/>
      </file>
      <file name="left-arrow.png" path="D:\React Projects\geektrust\admin-ui-geektrust\src\components\images\left-arrow.png">
        <metrics statements="1" coveredstatements="1" conditionals="0" coveredconditionals="0" methods="0" coveredmethods="0"/>
        <line num="1" count="6" type="stmt"/>
      </file>
      <file name="remove.png" path="D:\React Projects\geektrust\admin-ui-geektrust\src\components\images\remove.png">
        <metrics statements="1" coveredstatements="1" conditionals="0" coveredconditionals="0" methods="0" coveredmethods="0"/>
        <line num="1" count="3" type="stmt"/>
      </file>
      <file name="right-arrow.png" path="D:\React Projects\geektrust\admin-ui-geektrust\src\components\images\right-arrow.png">
        <metrics statements="1" coveredstatements="1" conditionals="0" coveredconditionals="0" methods="0" coveredmethods="0"/>
        <line num="1" count="6" type="stmt"/>
      </file>
      <file name="trailing-arrow.png" path="D:\React Projects\geektrust\admin-ui-geektrust\src\components\images\trailing-arrow.png">
        <metrics statements="1" coveredstatements="1" conditionals="0" coveredconditionals="0" methods="0" coveredmethods="0"/>
        <line num="1" count="6" type="stmt"/>
      </file>
    </package>
    <package name="services">
      <metrics statements="1" coveredstatements="1" conditionals="0" coveredconditionals="0" methods="0" coveredmethods="0"/>
      <file name="constants.js" path="D:\React Projects\geektrust\admin-ui-geektrust\src\services\constants.js">
        <metrics statements="1" coveredstatements="1" conditionals="0" coveredconditionals="0" methods="0" coveredmethods="0"/>
        <line num="1" count="1" type="stmt"/>
      </file>
    </package>
  </project>
</coverage>
