{"D:\\React Projects\\geektrust\\admin-ui-geektrust\\src\\components\\Admin\\admin.helper.js": {"path":"D:\\React Projects\\geektrust\\admin-ui-geektrust\\src\\components\\Admin\\admin.helper.js","statementMap":{"0":{"start":{"line":4,"column":28},"end":{"line":12,"column":1}},"1":{"start":{"line":5,"column":2},"end":{"line":11,"column":3}},"2":{"start":{"line":6,"column":14},"end":{"line":6,"column":46}},"3":{"start":{"line":7,"column":4},"end":{"line":7,"column":27}},"4":{"start":{"line":8,"column":4},"end":{"line":8,"column":15}},"5":{"start":{"line":10,"column":4},"end":{"line":10,"column":25}}},"fnMap":{"0":{"name":"(anonymous_0)","decl":{"start":{"line":4,"column":28},"end":{"line":4,"column":29}},"loc":{"start":{"line":4,"column":40},"end":{"line":12,"column":1}},"line":4}},"branchMap":{},"s":{"0":1,"1":2,"2":2,"3":1,"4":1,"5":1},"f":{"0":2},"b":{},"_coverageSchema":"1a1c01bbd47fc00a2c39e90264f33305004495a9","hash":"fda4c860790c2c173440b89b66d7b95d521e67e8"}
,"D:\\React Projects\\geektrust\\admin-ui-geektrust\\src\\components\\Admin\\index.js": {"path":"D:\\React Projects\\geektrust\\admin-ui-geektrust\\src\\components\\Admin\\index.js","statementMap":{"0":{"start":{"line":9,"column":21},"end":{"line":16,"column":1}},"1":{"start":{"line":18,"column":16},"end":{"line":25,"column":1}},"2":{"start":{"line":19,"column":2},"end":{"line":24,"column":3}},"3":{"start":{"line":21,"column":6},"end":{"line":21,"column":36}},"4":{"start":{"line":23,"column":6},"end":{"line":23,"column":26}},"5":{"start":{"line":27,"column":14},"end":{"line":165,"column":1}},"6":{"start":{"line":28,"column":82},"end":{"line":28,"column":115}},"7":{"start":{"line":30,"column":2},"end":{"line":52,"column":9}},"8":{"start":{"line":31,"column":4},"end":{"line":51,"column":5}},"9":{"start":{"line":32,"column":24},"end":{"line":49,"column":7}},"10":{"start":{"line":33,"column":8},"end":{"line":48,"column":9}},"11":{"start":{"line":34,"column":22},"end":{"line":34,"column":42}},"12":{"start":{"line":35,"column":24},"end":{"line":37,"column":12}},"13":{"start":{"line":36,"column":12},"end":{"line":36,"column":46}},"14":{"start":{"line":38,"column":10},"end":{"line":45,"column":13}},"15":{"start":{"line":47,"column":10},"end":{"line":47,"column":31}},"16":{"start":{"line":50,"column":6},"end":{"line":50,"column":18}},"17":{"start":{"line":54,"column":27},"end":{"line":56,"column":31}},"18":{"start":{"line":55,"column":4},"end":{"line":55,"column":50}},"19":{"start":{"line":58,"column":19},"end":{"line":65,"column":8}},"20":{"start":{"line":59,"column":16},"end":{"line":59,"column":30}},"21":{"start":{"line":60,"column":4},"end":{"line":64,"column":5}},"22":{"start":{"line":61,"column":6},"end":{"line":61,"column":60}},"23":{"start":{"line":63,"column":6},"end":{"line":63,"column":57}},"24":{"start":{"line":67,"column":19},"end":{"line":81,"column":3}},"25":{"start":{"line":69,"column":6},"end":{"line":78,"column":7}},"26":{"start":{"line":70,"column":23},"end":{"line":70,"column":71}},"27":{"start":{"line":70,"column":57},"end":{"line":70,"column":70}},"28":{"start":{"line":71,"column":8},"end":{"line":77,"column":11}},"29":{"start":{"line":83,"column":17},"end":{"line":91,"column":3}},"30":{"start":{"line":85,"column":6},"end":{"line":88,"column":7}},"31":{"start":{"line":86,"column":28},"end":{"line":86,"column":98}},"32":{"start":{"line":86,"column":48},"end":{"line":86,"column":96}},"33":{"start":{"line":87,"column":8},"end":{"line":87,"column":70}},"34":{"start":{"line":93,"column":32},"end":{"line":104,"column":3}},"35":{"start":{"line":95,"column":19},"end":{"line":100,"column":8}},"36":{"start":{"line":96,"column":8},"end":{"line":98,"column":9}},"37":{"start":{"line":97,"column":10},"end":{"line":97,"column":67}},"38":{"start":{"line":99,"column":8},"end":{"line":99,"column":21}},"39":{"start":{"line":101,"column":6},"end":{"line":101,"column":66}},"40":{"start":{"line":106,"column":29},"end":{"line":114,"column":3}},"41":{"start":{"line":108,"column":6},"end":{"line":111,"column":7}},"42":{"start":{"line":109,"column":22},"end":{"line":109,"column":110}},"43":{"start":{"line":109,"column":42},"end":{"line":109,"column":108}},"44":{"start":{"line":110,"column":8},"end":{"line":110,"column":64}},"45":{"start":{"line":116,"column":25},"end":{"line":125,"column":23}},"46":{"start":{"line":117,"column":18},"end":{"line":117,"column":62}},"47":{"start":{"line":117,"column":51},"end":{"line":117,"column":61}},"48":{"start":{"line":118,"column":4},"end":{"line":124,"column":7}},"49":{"start":{"line":127,"column":26},"end":{"line":141,"column":3}},"50":{"start":{"line":129,"column":27},"end":{"line":129,"column":35}},"51":{"start":{"line":130,"column":31},"end":{"line":130,"column":63}},"52":{"start":{"line":131,"column":6},"end":{"line":138,"column":9}},"53":{"start":{"line":143,"column":2},"end":{"line":164,"column":4}}},"fnMap":{"0":{"name":"(anonymous_0)","decl":{"start":{"line":18,"column":16},"end":{"line":18,"column":17}},"loc":{"start":{"line":18,"column":44},"end":{"line":25,"column":1}},"line":18},"1":{"name":"(anonymous_1)","decl":{"start":{"line":27,"column":14},"end":{"line":27,"column":15}},"loc":{"start":{"line":27,"column":20},"end":{"line":165,"column":1}},"line":27},"2":{"name":"(anonymous_2)","decl":{"start":{"line":30,"column":12},"end":{"line":30,"column":13}},"loc":{"start":{"line":30,"column":18},"end":{"line":52,"column":3}},"line":30},"3":{"name":"(anonymous_3)","decl":{"start":{"line":32,"column":24},"end":{"line":32,"column":25}},"loc":{"start":{"line":32,"column":36},"end":{"line":49,"column":7}},"line":32},"4":{"name":"(anonymous_4)","decl":{"start":{"line":35,"column":32},"end":{"line":35,"column":33}},"loc":{"start":{"line":35,"column":39},"end":{"line":37,"column":11}},"line":35},"5":{"name":"(anonymous_5)","decl":{"start":{"line":54,"column":39},"end":{"line":54,"column":40}},"loc":{"start":{"line":54,"column":45},"end":{"line":56,"column":3}},"line":54},"6":{"name":"(anonymous_6)","decl":{"start":{"line":58,"column":31},"end":{"line":58,"column":32}},"loc":{"start":{"line":58,"column":38},"end":{"line":65,"column":3}},"line":58},"7":{"name":"(anonymous_7)","decl":{"start":{"line":68,"column":4},"end":{"line":68,"column":5}},"loc":{"start":{"line":68,"column":12},"end":{"line":79,"column":5}},"line":68},"8":{"name":"(anonymous_8)","decl":{"start":{"line":70,"column":37},"end":{"line":70,"column":38}},"loc":{"start":{"line":70,"column":57},"end":{"line":70,"column":70}},"line":70},"9":{"name":"(anonymous_9)","decl":{"start":{"line":84,"column":4},"end":{"line":84,"column":5}},"loc":{"start":{"line":84,"column":19},"end":{"line":89,"column":5}},"line":84},"10":{"name":"(anonymous_10)","decl":{"start":{"line":86,"column":39},"end":{"line":86,"column":40}},"loc":{"start":{"line":86,"column":48},"end":{"line":86,"column":96}},"line":86},"11":{"name":"(anonymous_11)","decl":{"start":{"line":94,"column":4},"end":{"line":94,"column":5}},"loc":{"start":{"line":94,"column":19},"end":{"line":102,"column":5}},"line":94},"12":{"name":"(anonymous_12)","decl":{"start":{"line":95,"column":30},"end":{"line":95,"column":31}},"loc":{"start":{"line":95,"column":48},"end":{"line":100,"column":7}},"line":95},"13":{"name":"(anonymous_13)","decl":{"start":{"line":107,"column":4},"end":{"line":107,"column":5}},"loc":{"start":{"line":107,"column":23},"end":{"line":112,"column":5}},"line":107},"14":{"name":"(anonymous_14)","decl":{"start":{"line":109,"column":33},"end":{"line":109,"column":34}},"loc":{"start":{"line":109,"column":42},"end":{"line":109,"column":108}},"line":109},"15":{"name":"(anonymous_15)","decl":{"start":{"line":116,"column":37},"end":{"line":116,"column":38}},"loc":{"start":{"line":116,"column":43},"end":{"line":125,"column":3}},"line":116},"16":{"name":"(anonymous_16)","decl":{"start":{"line":117,"column":32},"end":{"line":117,"column":33}},"loc":{"start":{"line":117,"column":51},"end":{"line":117,"column":61}},"line":117},"17":{"name":"(anonymous_17)","decl":{"start":{"line":128,"column":4},"end":{"line":128,"column":5}},"loc":{"start":{"line":128,"column":30},"end":{"line":139,"column":5}},"line":128}},"branchMap":{"0":{"loc":{"start":{"line":19,"column":2},"end":{"line":24,"column":3}},"type":"switch","locations":[{"start":{"line":20,"column":4},"end":{"line":21,"column":36}},{"start":{"line":22,"column":4},"end":{"line":23,"column":26}}],"line":19},"1":{"loc":{"start":{"line":31,"column":4},"end":{"line":51,"column":5}},"type":"if","locations":[{"start":{"line":31,"column":4},"end":{"line":51,"column":5}},{"start":{"line":31,"column":4},"end":{"line":51,"column":5}}],"line":31},"2":{"loc":{"start":{"line":60,"column":4},"end":{"line":64,"column":5}},"type":"if","locations":[{"start":{"line":60,"column":4},"end":{"line":64,"column":5}},{"start":{"line":60,"column":4},"end":{"line":64,"column":5}}],"line":60},"3":{"loc":{"start":{"line":69,"column":6},"end":{"line":78,"column":7}},"type":"if","locations":[{"start":{"line":69,"column":6},"end":{"line":78,"column":7}},{"start":{"line":69,"column":6},"end":{"line":78,"column":7}}],"line":69},"4":{"loc":{"start":{"line":85,"column":6},"end":{"line":88,"column":7}},"type":"if","locations":[{"start":{"line":85,"column":6},"end":{"line":88,"column":7}},{"start":{"line":85,"column":6},"end":{"line":88,"column":7}}],"line":85},"5":{"loc":{"start":{"line":85,"column":10},"end":{"line":85,"column":21}},"type":"binary-expr","locations":[{"start":{"line":85,"column":10},"end":{"line":85,"column":12}},{"start":{"line":85,"column":16},"end":{"line":85,"column":21}}],"line":85},"6":{"loc":{"start":{"line":86,"column":48},"end":{"line":86,"column":96}},"type":"cond-expr","locations":[{"start":{"line":86,"column":63},"end":{"line":86,"column":91}},{"start":{"line":86,"column":94},"end":{"line":86,"column":96}}],"line":86},"7":{"loc":{"start":{"line":96,"column":8},"end":{"line":98,"column":9}},"type":"if","locations":[{"start":{"line":96,"column":8},"end":{"line":98,"column":9}},{"start":{"line":96,"column":8},"end":{"line":98,"column":9}}],"line":96},"8":{"loc":{"start":{"line":96,"column":12},"end":{"line":96,"column":55}},"type":"binary-expr","locations":[{"start":{"line":96,"column":12},"end":{"line":96,"column":27}},{"start":{"line":96,"column":31},"end":{"line":96,"column":55}}],"line":96},"9":{"loc":{"start":{"line":108,"column":6},"end":{"line":111,"column":7}},"type":"if","locations":[{"start":{"line":108,"column":6},"end":{"line":111,"column":7}},{"start":{"line":108,"column":6},"end":{"line":111,"column":7}}],"line":108},"10":{"loc":{"start":{"line":109,"column":42},"end":{"line":109,"column":108}},"type":"cond-expr","locations":[{"start":{"line":109,"column":57},"end":{"line":109,"column":103}},{"start":{"line":109,"column":106},"end":{"line":109,"column":108}}],"line":109},"11":{"loc":{"start":{"line":134,"column":23},"end":{"line":134,"column":74}},"type":"cond-expr","locations":[{"start":{"line":134,"column":50},"end":{"line":134,"column":59}},{"start":{"line":134,"column":62},"end":{"line":134,"column":74}}],"line":134},"12":{"loc":{"start":{"line":147,"column":7},"end":{"line":156,"column":7}},"type":"binary-expr","locations":[{"start":{"line":147,"column":7},"end":{"line":147,"column":13}},{"start":{"line":148,"column":8},"end":{"line":155,"column":10}}],"line":147}},"s":{"0":1,"1":1,"2":11,"3":11,"4":0,"5":1,"6":19,"7":19,"8":6,"9":6,"10":6,"11":6,"12":6,"13":12,"14":6,"15":0,"16":6,"17":19,"18":19,"19":19,"20":0,"21":0,"22":0,"23":0,"24":19,"25":1,"26":1,"27":2,"28":1,"29":19,"30":1,"31":1,"32":2,"33":1,"34":19,"35":2,"36":4,"37":4,"38":0,"39":2,"40":19,"41":0,"42":0,"43":0,"44":0,"45":19,"46":1,"47":2,"48":1,"49":19,"50":0,"51":0,"52":0,"53":19},"f":{"0":11,"1":19,"2":6,"3":6,"4":12,"5":19,"6":0,"7":1,"8":2,"9":1,"10":2,"11":2,"12":4,"13":0,"14":0,"15":1,"16":2,"17":0},"b":{"0":[11,0],"1":[6,0],"2":[0,0],"3":[1,0],"4":[1,0],"5":[1,1],"6":[1,1],"7":[4,0],"8":[4,4],"9":[0,0],"10":[0,0],"11":[0,0],"12":[19,19]},"_coverageSchema":"1a1c01bbd47fc00a2c39e90264f33305004495a9","hash":"44875bebcbe3363a69a5518ac57c7009c2563e13"}
,"D:\\React Projects\\geektrust\\admin-ui-geektrust\\src\\components\\Admin\\components\\index.js": {"path":"D:\\React Projects\\geektrust\\admin-ui-geektrust\\src\\components\\Admin\\components\\index.js","statementMap":{},"fnMap":{},"branchMap":{},"s":{},"f":{},"b":{},"_coverageSchema":"1a1c01bbd47fc00a2c39e90264f33305004495a9","hash":"d882c8539ba5a3aa6607cbd2b8f885ea894c94c4"}
,"D:\\React Projects\\geektrust\\admin-ui-geektrust\\src\\components\\Admin\\components\\AdminList\\index.js": {"path":"D:\\React Projects\\geektrust\\admin-ui-geektrust\\src\\components\\Admin\\components\\AdminList\\index.js","statementMap":{"0":{"start":{"line":8,"column":18},"end":{"line":63,"column":1}},"1":{"start":{"line":9,"column":24},"end":{"line":9,"column":69}},"2":{"start":{"line":9,"column":59},"end":{"line":9,"column":68}},"3":{"start":{"line":11,"column":2},"end":{"line":62,"column":4}},"4":{"start":{"line":43,"column":18},"end":{"line":47,"column":20}},"5":{"start":{"line":50,"column":18},"end":{"line":56,"column":20}},"6":{"start":{"line":65,"column":0},"end":{"line":80,"column":2}}},"fnMap":{"0":{"name":"(anonymous_0)","decl":{"start":{"line":8,"column":18},"end":{"line":8,"column":19}},"loc":{"start":{"line":8,"column":106},"end":{"line":63,"column":1}},"line":8},"1":{"name":"(anonymous_1)","decl":{"start":{"line":9,"column":40},"end":{"line":9,"column":41}},"loc":{"start":{"line":9,"column":59},"end":{"line":9,"column":68}},"line":9},"2":{"name":"(anonymous_2)","decl":{"start":{"line":42,"column":24},"end":{"line":42,"column":25}},"loc":{"start":{"line":42,"column":51},"end":{"line":48,"column":17}},"line":42},"3":{"name":"(anonymous_3)","decl":{"start":{"line":49,"column":21},"end":{"line":49,"column":22}},"loc":{"start":{"line":50,"column":18},"end":{"line":56,"column":20}},"line":50}},"branchMap":{"0":{"loc":{"start":{"line":40,"column":13},"end":{"line":57,"column":18}},"type":"binary-expr","locations":[{"start":{"line":40,"column":13},"end":{"line":40,"column":22}},{"start":{"line":41,"column":14},"end":{"line":57,"column":18}}],"line":40},"1":{"loc":{"start":{"line":44,"column":20},"end":{"line":46,"column":75}},"type":"binary-expr","locations":[{"start":{"line":44,"column":20},"end":{"line":44,"column":75}},{"start":{"line":45,"column":20},"end":{"line":45,"column":76}},{"start":{"line":46,"column":20},"end":{"line":46,"column":75}}],"line":44}},"s":{"0":2,"1":23,"2":20,"3":23,"4":31,"5":30,"6":2},"f":{"0":23,"1":20,"2":31,"3":30},"b":{"0":[23,23],"1":[31,1,1]},"_coverageSchema":"1a1c01bbd47fc00a2c39e90264f33305004495a9","hash":"4565f9b12aa7909f72d76b7d510e65fec585b2df"}
,"D:\\React Projects\\geektrust\\admin-ui-geektrust\\src\\components\\Admin\\components\\AdminList\\components\\index.js": {"path":"D:\\React Projects\\geektrust\\admin-ui-geektrust\\src\\components\\Admin\\components\\AdminList\\components\\index.js","statementMap":{},"fnMap":{},"branchMap":{},"s":{},"f":{},"b":{},"_coverageSchema":"1a1c01bbd47fc00a2c39e90264f33305004495a9","hash":"157429401b7adb307e70a8196d911f9867673a22"}
,"D:\\React Projects\\geektrust\\admin-ui-geektrust\\src\\components\\Admin\\components\\AdminList\\components\\AdminActions\\index.js": {"path":"D:\\React Projects\\geektrust\\admin-ui-geektrust\\src\\components\\Admin\\components\\AdminList\\components\\AdminActions\\index.js","statementMap":{"0":{"start":{"line":10,"column":21},"end":{"line":31,"column":1}},"1":{"start":{"line":10,"column":41},"end":{"line":10,"column":45}},"2":{"start":{"line":10,"column":66},"end":{"line":10,"column":70}},"3":{"start":{"line":11,"column":2},"end":{"line":30,"column":4}},"4":{"start":{"line":19,"column":25},"end":{"line":19,"column":41}},"5":{"start":{"line":26,"column":25},"end":{"line":26,"column":37}},"6":{"start":{"line":33,"column":0},"end":{"line":37,"column":2}}},"fnMap":{"0":{"name":"(anonymous_0)","decl":{"start":{"line":10,"column":21},"end":{"line":10,"column":22}},"loc":{"start":{"line":10,"column":86},"end":{"line":31,"column":1}},"line":10},"1":{"name":"(anonymous_1)","decl":{"start":{"line":10,"column":35},"end":{"line":10,"column":36}},"loc":{"start":{"line":10,"column":41},"end":{"line":10,"column":45}},"line":10},"2":{"name":"(anonymous_2)","decl":{"start":{"line":10,"column":60},"end":{"line":10,"column":61}},"loc":{"start":{"line":10,"column":66},"end":{"line":10,"column":70}},"line":10},"3":{"name":"(anonymous_3)","decl":{"start":{"line":19,"column":19},"end":{"line":19,"column":20}},"loc":{"start":{"line":19,"column":25},"end":{"line":19,"column":41}},"line":19},"4":{"name":"(anonymous_4)","decl":{"start":{"line":26,"column":19},"end":{"line":26,"column":20}},"loc":{"start":{"line":26,"column":25},"end":{"line":26,"column":37}},"line":26}},"branchMap":{"0":{"loc":{"start":{"line":10,"column":24},"end":{"line":10,"column":45}},"type":"default-arg","locations":[{"start":{"line":10,"column":35},"end":{"line":10,"column":45}}],"line":10},"1":{"loc":{"start":{"line":10,"column":47},"end":{"line":10,"column":70}},"type":"default-arg","locations":[{"start":{"line":10,"column":60},"end":{"line":10,"column":70}}],"line":10},"2":{"loc":{"start":{"line":10,"column":72},"end":{"line":10,"column":79}},"type":"default-arg","locations":[{"start":{"line":10,"column":77},"end":{"line":10,"column":79}}],"line":10}},"s":{"0":4,"1":0,"2":0,"3":33,"4":3,"5":4,"6":4},"f":{"0":33,"1":0,"2":0,"3":3,"4":4},"b":{"0":[0],"1":[0],"2":[2]},"_coverageSchema":"1a1c01bbd47fc00a2c39e90264f33305004495a9","hash":"d7e5a7b7b5ed811aa1629792031aee91fc83486e"}
,"D:\\React Projects\\geektrust\\admin-ui-geektrust\\src\\components\\Admin\\components\\AdminList\\components\\RenderAdminRow\\index.js": {"path":"D:\\React Projects\\geektrust\\admin-ui-geektrust\\src\\components\\Admin\\components\\AdminList\\components\\RenderAdminRow\\index.js","statementMap":{"0":{"start":{"line":10,"column":23},"end":{"line":79,"column":1}},"1":{"start":{"line":16,"column":30},"end":{"line":16,"column":45}},"2":{"start":{"line":17,"column":18},"end":{"line":17,"column":30}},"3":{"start":{"line":18,"column":19},"end":{"line":18,"column":31}},"4":{"start":{"line":19,"column":18},"end":{"line":19,"column":30}},"5":{"start":{"line":21,"column":2},"end":{"line":78,"column":4}},"6":{"start":{"line":31,"column":33},"end":{"line":31,"column":58}},"7":{"start":{"line":44,"column":74},"end":{"line":44,"column":99}},"8":{"start":{"line":63,"column":20},"end":{"line":67,"column":23}},"9":{"start":{"line":68,"column":20},"end":{"line":68,"column":37}},"10":{"start":{"line":71,"column":53},"end":{"line":71,"column":69}},"11":{"start":{"line":81,"column":0},"end":{"line":92,"column":2}}},"fnMap":{"0":{"name":"(anonymous_0)","decl":{"start":{"line":10,"column":23},"end":{"line":10,"column":24}},"loc":{"start":{"line":15,"column":6},"end":{"line":79,"column":1}},"line":15},"1":{"name":"(anonymous_1)","decl":{"start":{"line":31,"column":26},"end":{"line":31,"column":27}},"loc":{"start":{"line":31,"column":33},"end":{"line":31,"column":58}},"line":31},"2":{"name":"(anonymous_2)","decl":{"start":{"line":44,"column":67},"end":{"line":44,"column":68}},"loc":{"start":{"line":44,"column":74},"end":{"line":44,"column":99}},"line":44},"3":{"name":"(anonymous_3)","decl":{"start":{"line":62,"column":27},"end":{"line":62,"column":28}},"loc":{"start":{"line":62,"column":33},"end":{"line":69,"column":19}},"line":62},"4":{"name":"(anonymous_4)","decl":{"start":{"line":71,"column":47},"end":{"line":71,"column":48}},"loc":{"start":{"line":71,"column":53},"end":{"line":71,"column":69}},"line":71}},"branchMap":{"0":{"loc":{"start":{"line":11,"column":34},"end":{"line":11,"column":51}},"type":"default-arg","locations":[{"start":{"line":11,"column":46},"end":{"line":11,"column":51}}],"line":11},"1":{"loc":{"start":{"line":23,"column":38},"end":{"line":23,"column":72}},"type":"cond-expr","locations":[{"start":{"line":23,"column":50},"end":{"line":23,"column":67}},{"start":{"line":23,"column":70},"end":{"line":23,"column":72}}],"line":23},"2":{"loc":{"start":{"line":24,"column":9},"end":{"line":75,"column":9}},"type":"cond-expr","locations":[{"start":{"line":25,"column":10},"end":{"line":40,"column":13}},{"start":{"line":42,"column":10},"end":{"line":74,"column":13}}],"line":24}},"s":{"0":3,"1":37,"2":37,"3":37,"4":37,"5":37,"6":0,"7":0,"8":2,"9":2,"10":0,"11":3},"f":{"0":37,"1":0,"2":0,"3":2,"4":0},"b":{"0":[0],"1":[9,28],"2":[35,2]},"_coverageSchema":"1a1c01bbd47fc00a2c39e90264f33305004495a9","hash":"58ac1c8febcaa495846ead33e97b4af47e419c08"}
,"D:\\React Projects\\geektrust\\admin-ui-geektrust\\src\\components\\Admin\\components\\DeleteSelected\\index.js": {"path":"D:\\React Projects\\geektrust\\admin-ui-geektrust\\src\\components\\Admin\\components\\DeleteSelected\\index.js","statementMap":{"0":{"start":{"line":7,"column":23},"end":{"line":15,"column":1}},"1":{"start":{"line":8,"column":2},"end":{"line":14,"column":4}},"2":{"start":{"line":10,"column":91},"end":{"line":10,"column":107}},"3":{"start":{"line":17,"column":0},"end":{"line":19,"column":2}}},"fnMap":{"0":{"name":"(anonymous_0)","decl":{"start":{"line":7,"column":23},"end":{"line":7,"column":24}},"loc":{"start":{"line":7,"column":47},"end":{"line":15,"column":1}},"line":7},"1":{"name":"(anonymous_1)","decl":{"start":{"line":10,"column":85},"end":{"line":10,"column":86}},"loc":{"start":{"line":10,"column":91},"end":{"line":10,"column":107}},"line":10}},"branchMap":{},"s":{"0":2,"1":19,"2":2,"3":2},"f":{"0":19,"1":2},"b":{},"_coverageSchema":"1a1c01bbd47fc00a2c39e90264f33305004495a9","hash":"e6098535669153d0c79f34a1bcd90c1f0c5344a8"}
,"D:\\React Projects\\geektrust\\admin-ui-geektrust\\src\\components\\Admin\\components\\SearchAdmin\\index.js": {"path":"D:\\React Projects\\geektrust\\admin-ui-geektrust\\src\\components\\Admin\\components\\SearchAdmin\\index.js","statementMap":{"0":{"start":{"line":6,"column":20},"end":{"line":18,"column":1}},"1":{"start":{"line":7,"column":2},"end":{"line":17,"column":4}},"2":{"start":{"line":20,"column":0},"end":{"line":22,"column":2}}},"fnMap":{"0":{"name":"(anonymous_0)","decl":{"start":{"line":6,"column":20},"end":{"line":6,"column":21}},"loc":{"start":{"line":6,"column":38},"end":{"line":18,"column":1}},"line":6}},"branchMap":{},"s":{"0":2,"1":8,"2":2},"f":{"0":8},"b":{},"_coverageSchema":"1a1c01bbd47fc00a2c39e90264f33305004495a9","hash":"979c8b05a53115a2ed4c0bfa7c45982525b5d5a3"}
,"D:\\React Projects\\geektrust\\admin-ui-geektrust\\src\\components\\common\\index.js": {"path":"D:\\React Projects\\geektrust\\admin-ui-geektrust\\src\\components\\common\\index.js","statementMap":{},"fnMap":{},"branchMap":{},"s":{},"f":{},"b":{},"_coverageSchema":"1a1c01bbd47fc00a2c39e90264f33305004495a9","hash":"8636c7c31184cb0914bba4654b8e0a57942a28e9"}
,"D:\\React Projects\\geektrust\\admin-ui-geektrust\\src\\components\\common\\Pagination\\index.js": {"path":"D:\\React Projects\\geektrust\\admin-ui-geektrust\\src\\components\\common\\Pagination\\index.js","statementMap":{"0":{"start":{"line":10,"column":17},"end":{"line":10,"column":56}},"1":{"start":{"line":10,"column":32},"end":{"line":10,"column":56}},"2":{"start":{"line":12,"column":19},"end":{"line":91,"column":1}},"3":{"start":{"line":12,"column":75},"end":{"line":12,"column":79}},"4":{"start":{"line":13,"column":34},"end":{"line":13,"column":45}},"5":{"start":{"line":15,"column":19},"end":{"line":21,"column":51}},"6":{"start":{"line":16,"column":4},"end":{"line":20,"column":5}},"7":{"start":{"line":17,"column":21},"end":{"line":17,"column":36}},"8":{"start":{"line":18,"column":6},"end":{"line":18,"column":31}},"9":{"start":{"line":19,"column":6},"end":{"line":19,"column":40}},"10":{"start":{"line":23,"column":23},"end":{"line":29,"column":51}},"11":{"start":{"line":24,"column":4},"end":{"line":28,"column":5}},"12":{"start":{"line":25,"column":25},"end":{"line":25,"column":40}},"13":{"start":{"line":26,"column":6},"end":{"line":26,"column":35}},"14":{"start":{"line":27,"column":6},"end":{"line":27,"column":44}},"15":{"start":{"line":31,"column":21},"end":{"line":40,"column":3}},"16":{"start":{"line":32,"column":4},"end":{"line":35,"column":5}},"17":{"start":{"line":33,"column":6},"end":{"line":33,"column":27}},"18":{"start":{"line":34,"column":6},"end":{"line":34,"column":36}},"19":{"start":{"line":36,"column":4},"end":{"line":39,"column":5}},"20":{"start":{"line":37,"column":6},"end":{"line":37,"column":32}},"21":{"start":{"line":38,"column":6},"end":{"line":38,"column":41}},"22":{"start":{"line":42,"column":20},"end":{"line":45,"column":20}},"23":{"start":{"line":43,"column":4},"end":{"line":43,"column":22}},"24":{"start":{"line":44,"column":4},"end":{"line":44,"column":20}},"25":{"start":{"line":47,"column":19},"end":{"line":50,"column":31}},"26":{"start":{"line":48,"column":4},"end":{"line":48,"column":30}},"27":{"start":{"line":49,"column":4},"end":{"line":49,"column":28}},"28":{"start":{"line":52,"column":2},"end":{"line":90,"column":4}},"29":{"start":{"line":67,"column":12},"end":{"line":75,"column":18}},"30":{"start":{"line":71,"column":31},"end":{"line":71,"column":52}},"31":{"start":{"line":93,"column":0},"end":{"line":97,"column":2}}},"fnMap":{"0":{"name":"(anonymous_0)","decl":{"start":{"line":10,"column":17},"end":{"line":10,"column":18}},"loc":{"start":{"line":10,"column":32},"end":{"line":10,"column":56}},"line":10},"1":{"name":"(anonymous_1)","decl":{"start":{"line":12,"column":19},"end":{"line":12,"column":20}},"loc":{"start":{"line":12,"column":86},"end":{"line":91,"column":1}},"line":12},"2":{"name":"(anonymous_2)","decl":{"start":{"line":12,"column":69},"end":{"line":12,"column":70}},"loc":{"start":{"line":12,"column":75},"end":{"line":12,"column":79}},"line":12},"3":{"name":"(anonymous_3)","decl":{"start":{"line":15,"column":31},"end":{"line":15,"column":32}},"loc":{"start":{"line":15,"column":37},"end":{"line":21,"column":3}},"line":15},"4":{"name":"(anonymous_4)","decl":{"start":{"line":23,"column":35},"end":{"line":23,"column":36}},"loc":{"start":{"line":23,"column":41},"end":{"line":29,"column":3}},"line":23},"5":{"name":"(anonymous_5)","decl":{"start":{"line":31,"column":21},"end":{"line":31,"column":22}},"loc":{"start":{"line":31,"column":31},"end":{"line":40,"column":3}},"line":31},"6":{"name":"(anonymous_6)","decl":{"start":{"line":42,"column":32},"end":{"line":42,"column":33}},"loc":{"start":{"line":42,"column":38},"end":{"line":45,"column":3}},"line":42},"7":{"name":"(anonymous_7)","decl":{"start":{"line":47,"column":31},"end":{"line":47,"column":32}},"loc":{"start":{"line":47,"column":37},"end":{"line":50,"column":3}},"line":47},"8":{"name":"(anonymous_8)","decl":{"start":{"line":66,"column":35},"end":{"line":66,"column":36}},"loc":{"start":{"line":67,"column":12},"end":{"line":75,"column":18}},"line":67},"9":{"name":"(anonymous_9)","decl":{"start":{"line":71,"column":25},"end":{"line":71,"column":26}},"loc":{"start":{"line":71,"column":31},"end":{"line":71,"column":52}},"line":71}},"branchMap":{"0":{"loc":{"start":{"line":12,"column":22},"end":{"line":12,"column":35}},"type":"default-arg","locations":[{"start":{"line":12,"column":34},"end":{"line":12,"column":35}}],"line":12},"1":{"loc":{"start":{"line":12,"column":37},"end":{"line":12,"column":52}},"type":"default-arg","locations":[{"start":{"line":12,"column":51},"end":{"line":12,"column":52}}],"line":12},"2":{"loc":{"start":{"line":12,"column":54},"end":{"line":12,"column":79}},"type":"default-arg","locations":[{"start":{"line":12,"column":69},"end":{"line":12,"column":79}}],"line":12},"3":{"loc":{"start":{"line":16,"column":4},"end":{"line":20,"column":5}},"type":"if","locations":[{"start":{"line":16,"column":4},"end":{"line":20,"column":5}},{"start":{"line":16,"column":4},"end":{"line":20,"column":5}}],"line":16},"4":{"loc":{"start":{"line":24,"column":4},"end":{"line":28,"column":5}},"type":"if","locations":[{"start":{"line":24,"column":4},"end":{"line":28,"column":5}},{"start":{"line":24,"column":4},"end":{"line":28,"column":5}}],"line":24},"5":{"loc":{"start":{"line":32,"column":4},"end":{"line":35,"column":5}},"type":"if","locations":[{"start":{"line":32,"column":4},"end":{"line":35,"column":5}},{"start":{"line":32,"column":4},"end":{"line":35,"column":5}}],"line":32},"6":{"loc":{"start":{"line":32,"column":8},"end":{"line":32,"column":40}},"type":"binary-expr","locations":[{"start":{"line":32,"column":8},"end":{"line":32,"column":18}},{"start":{"line":32,"column":22},"end":{"line":32,"column":40}}],"line":32},"7":{"loc":{"start":{"line":36,"column":4},"end":{"line":39,"column":5}},"type":"if","locations":[{"start":{"line":36,"column":4},"end":{"line":39,"column":5}},{"start":{"line":36,"column":4},"end":{"line":39,"column":5}}],"line":36},"8":{"loc":{"start":{"line":60,"column":43},"end":{"line":60,"column":79}},"type":"cond-expr","locations":[{"start":{"line":60,"column":56},"end":{"line":60,"column":74}},{"start":{"line":60,"column":77},"end":{"line":60,"column":79}}],"line":60},"9":{"loc":{"start":{"line":70,"column":47},"end":{"line":70,"column":92}},"type":"cond-expr","locations":[{"start":{"line":70,"column":75},"end":{"line":70,"column":87}},{"start":{"line":70,"column":90},"end":{"line":70,"column":92}}],"line":70},"10":{"loc":{"start":{"line":80,"column":43},"end":{"line":80,"column":87}},"type":"cond-expr","locations":[{"start":{"line":80,"column":64},"end":{"line":80,"column":82}},{"start":{"line":80,"column":85},"end":{"line":80,"column":87}}],"line":80}},"s":{"0":6,"1":24,"2":6,"3":0,"4":24,"5":24,"6":0,"7":0,"8":0,"9":0,"10":24,"11":0,"12":0,"13":0,"14":0,"15":24,"16":1,"17":1,"18":1,"19":1,"20":0,"21":0,"22":24,"23":0,"24":0,"25":24,"26":1,"27":1,"28":24,"29":27,"30":1,"31":6},"f":{"0":24,"1":24,"2":0,"3":0,"4":0,"5":1,"6":0,"7":1,"8":27,"9":1},"b":{"0":[1],"1":[1],"2":[1],"3":[0,0],"4":[0,0],"5":[1,0],"6":[1,1],"7":[0,1],"8":[21,3],"9":[16,11],"10":[21,3]},"_coverageSchema":"1a1c01bbd47fc00a2c39e90264f33305004495a9","hash":"f7ddf8c8b79a750a75fd2a98803faa611f60892a"}
,"D:\\React Projects\\geektrust\\admin-ui-geektrust\\src\\components\\common\\VerticalGap\\index.js": {"path":"D:\\React Projects\\geektrust\\admin-ui-geektrust\\src\\components\\common\\VerticalGap\\index.js","statementMap":{"0":{"start":{"line":5,"column":20},"end":{"line":7,"column":1}},"1":{"start":{"line":6,"column":2},"end":{"line":6,"column":77}},"2":{"start":{"line":9,"column":0},"end":{"line":11,"column":2}}},"fnMap":{"0":{"name":"(anonymous_0)","decl":{"start":{"line":5,"column":20},"end":{"line":5,"column":21}},"loc":{"start":{"line":5,"column":40},"end":{"line":7,"column":1}},"line":5}},"branchMap":{"0":{"loc":{"start":{"line":5,"column":23},"end":{"line":5,"column":33}},"type":"default-arg","locations":[{"start":{"line":5,"column":32},"end":{"line":5,"column":33}}],"line":5}},"s":{"0":6,"1":8,"2":6},"f":{"0":8},"b":{"0":[1]},"_coverageSchema":"1a1c01bbd47fc00a2c39e90264f33305004495a9","hash":"bb32e4e5215e9dd7f828e50ab923fbf70c984314"}
,"D:\\React Projects\\geektrust\\admin-ui-geektrust\\src\\components\\common\\WithBoundary\\index.js": {"path":"D:\\React Projects\\geektrust\\admin-ui-geektrust\\src\\components\\common\\WithBoundary\\index.js","statementMap":{"0":{"start":{"line":3,"column":21},"end":{"line":3,"column":57}},"1":{"start":{"line":3,"column":27},"end":{"line":3,"column":57}},"2":{"start":{"line":5,"column":21},"end":{"line":22,"column":1}},"3":{"start":{"line":6,"column":2},"end":{"line":21,"column":4}},"4":{"start":{"line":8,"column":6},"end":{"line":8,"column":19}},"5":{"start":{"line":9,"column":6},"end":{"line":9,"column":39}},"6":{"start":{"line":12,"column":6},"end":{"line":12,"column":38}},"7":{"start":{"line":13,"column":6},"end":{"line":13,"column":40}},"8":{"start":{"line":16,"column":6},"end":{"line":18,"column":7}},"9":{"start":{"line":17,"column":8},"end":{"line":17,"column":56}},"10":{"start":{"line":19,"column":6},"end":{"line":19,"column":39}}},"fnMap":{"0":{"name":"(anonymous_0)","decl":{"start":{"line":3,"column":21},"end":{"line":3,"column":22}},"loc":{"start":{"line":3,"column":27},"end":{"line":3,"column":57}},"line":3},"1":{"name":"(anonymous_1)","decl":{"start":{"line":5,"column":21},"end":{"line":5,"column":22}},"loc":{"start":{"line":5,"column":48},"end":{"line":22,"column":1}},"line":5},"2":{"name":"(anonymous_2)","decl":{"start":{"line":7,"column":4},"end":{"line":7,"column":5}},"loc":{"start":{"line":7,"column":23},"end":{"line":10,"column":5}},"line":7},"3":{"name":"(anonymous_3)","decl":{"start":{"line":11,"column":4},"end":{"line":11,"column":5}},"loc":{"start":{"line":11,"column":40},"end":{"line":14,"column":5}},"line":11},"4":{"name":"(anonymous_4)","decl":{"start":{"line":15,"column":4},"end":{"line":15,"column":5}},"loc":{"start":{"line":15,"column":13},"end":{"line":20,"column":5}},"line":15}},"branchMap":{"0":{"loc":{"start":{"line":5,"column":29},"end":{"line":5,"column":43}},"type":"default-arg","locations":[{"start":{"line":5,"column":39},"end":{"line":5,"column":43}}],"line":5},"1":{"loc":{"start":{"line":16,"column":6},"end":{"line":18,"column":7}},"type":"if","locations":[{"start":{"line":16,"column":6},"end":{"line":18,"column":7}},{"start":{"line":16,"column":6},"end":{"line":18,"column":7}}],"line":16},"2":{"loc":{"start":{"line":17,"column":15},"end":{"line":17,"column":55}},"type":"cond-expr","locations":[{"start":{"line":17,"column":25},"end":{"line":17,"column":36}},{"start":{"line":17,"column":39},"end":{"line":17,"column":55}}],"line":17}},"s":{"0":6,"1":1,"2":6,"3":14,"4":76,"5":76,"6":1,"7":1,"8":127,"9":1,"10":126},"f":{"0":1,"1":14,"2":76,"3":1,"4":127},"b":{"0":[14],"1":[1,126],"2":[0,1]},"_coverageSchema":"1a1c01bbd47fc00a2c39e90264f33305004495a9","hash":"13649edee2c074bf198ef9ded1b013e8ff035433"}
,"D:\\React Projects\\geektrust\\admin-ui-geektrust\\src\\components\\images\\check.png": {"path":"D:\\React Projects\\geektrust\\admin-ui-geektrust\\src\\components\\images\\check.png","statementMap":{"0":{"start":{"line":1,"column":0},"end":{"line":1,"column":19}}},"fnMap":{},"branchMap":{},"s":{"0":3},"f":{},"b":{},"_coverageSchema":"1a1c01bbd47fc00a2c39e90264f33305004495a9","hash":"285086615d4257021ecab9bf669ea0814b933372"}
,"D:\\React Projects\\geektrust\\admin-ui-geektrust\\src\\components\\images\\delete.png": {"path":"D:\\React Projects\\geektrust\\admin-ui-geektrust\\src\\components\\images\\delete.png","statementMap":{"0":{"start":{"line":1,"column":0},"end":{"line":1,"column":19}}},"fnMap":{},"branchMap":{},"s":{"0":4},"f":{},"b":{},"_coverageSchema":"1a1c01bbd47fc00a2c39e90264f33305004495a9","hash":"308a35a1b9512664e6dfdc85acf321a20cf07b72"}
,"D:\\React Projects\\geektrust\\admin-ui-geektrust\\src\\components\\images\\editing.png": {"path":"D:\\React Projects\\geektrust\\admin-ui-geektrust\\src\\components\\images\\editing.png","statementMap":{"0":{"start":{"line":1,"column":0},"end":{"line":1,"column":19}}},"fnMap":{},"branchMap":{},"s":{"0":4},"f":{},"b":{},"_coverageSchema":"1a1c01bbd47fc00a2c39e90264f33305004495a9","hash":"31419ce95f6c5ecf3e320567c67c792dc1538b91"}
,"D:\\React Projects\\geektrust\\admin-ui-geektrust\\src\\components\\images\\leading-arrow.png": {"path":"D:\\React Projects\\geektrust\\admin-ui-geektrust\\src\\components\\images\\leading-arrow.png","statementMap":{"0":{"start":{"line":1,"column":0},"end":{"line":1,"column":19}}},"fnMap":{},"branchMap":{},"s":{"0":6},"f":{},"b":{},"_coverageSchema":"1a1c01bbd47fc00a2c39e90264f33305004495a9","hash":"633c29538183c5d6347e3647e30889ab52d7df14"}
,"D:\\React Projects\\geektrust\\admin-ui-geektrust\\src\\components\\images\\left-arrow.png": {"path":"D:\\React Projects\\geektrust\\admin-ui-geektrust\\src\\components\\images\\left-arrow.png","statementMap":{"0":{"start":{"line":1,"column":0},"end":{"line":1,"column":19}}},"fnMap":{},"branchMap":{},"s":{"0":6},"f":{},"b":{},"_coverageSchema":"1a1c01bbd47fc00a2c39e90264f33305004495a9","hash":"ca735b2cddc31c884a63f62596167a898eb5b8f4"}
,"D:\\React Projects\\geektrust\\admin-ui-geektrust\\src\\components\\images\\remove.png": {"path":"D:\\React Projects\\geektrust\\admin-ui-geektrust\\src\\components\\images\\remove.png","statementMap":{"0":{"start":{"line":1,"column":0},"end":{"line":1,"column":19}}},"fnMap":{},"branchMap":{},"s":{"0":3},"f":{},"b":{},"_coverageSchema":"1a1c01bbd47fc00a2c39e90264f33305004495a9","hash":"846460daca2e3b627aa68f8db1dfffb0a30ccdc6"}
,"D:\\React Projects\\geektrust\\admin-ui-geektrust\\src\\components\\images\\right-arrow.png": {"path":"D:\\React Projects\\geektrust\\admin-ui-geektrust\\src\\components\\images\\right-arrow.png","statementMap":{"0":{"start":{"line":1,"column":0},"end":{"line":1,"column":19}}},"fnMap":{},"branchMap":{},"s":{"0":6},"f":{},"b":{},"_coverageSchema":"1a1c01bbd47fc00a2c39e90264f33305004495a9","hash":"c6bbe08c99f2bf52c9b20f42b618de268e824355"}
,"D:\\React Projects\\geektrust\\admin-ui-geektrust\\src\\components\\images\\trailing-arrow.png": {"path":"D:\\React Projects\\geektrust\\admin-ui-geektrust\\src\\components\\images\\trailing-arrow.png","statementMap":{"0":{"start":{"line":1,"column":0},"end":{"line":1,"column":19}}},"fnMap":{},"branchMap":{},"s":{"0":6},"f":{},"b":{},"_coverageSchema":"1a1c01bbd47fc00a2c39e90264f33305004495a9","hash":"00cade58d48e2d2537e404b5a941c322a9dcb5d9"}
,"D:\\React Projects\\geektrust\\admin-ui-geektrust\\src\\services\\constants.js": {"path":"D:\\React Projects\\geektrust\\admin-ui-geektrust\\src\\services\\constants.js","statementMap":{"0":{"start":{"line":1,"column":35},"end":{"line":1,"column":115}}},"fnMap":{},"branchMap":{},"s":{"0":1},"f":{},"b":{},"_coverageSchema":"1a1c01bbd47fc00a2c39e90264f33305004495a9","hash":"b3f1504a4dc9d8614479a01c68f4af622f85cbd1"}
}
