TN:
SF:src\components\Admin\admin.helper.js
FN:4,(anonymous_0)
FNF:1
FNH:1
FNDA:2,(anonymous_0)
DA:4,1
DA:5,2
DA:6,2
DA:7,1
DA:8,1
DA:10,1
LF:6
LH:6
BRF:0
BRH:0
end_of_record
TN:
SF:src\components\Admin\index.js
FN:18,(anonymous_0)
FN:27,(anonymous_1)
FN:30,(anonymous_2)
FN:32,(anonymous_3)
FN:35,(anonymous_4)
FN:54,(anonymous_5)
FN:58,(anonymous_6)
FN:68,(anonymous_7)
FN:70,(anonymous_8)
FN:84,(anonymous_9)
FN:86,(anonymous_10)
FN:94,(anonymous_11)
FN:95,(anonymous_12)
FN:107,(anonymous_13)
FN:109,(anonymous_14)
FN:116,(anonymous_15)
FN:117,(anonymous_16)
FN:128,(anonymous_17)
FNF:18
FNH:14
FNDA:11,(anonymous_0)
FNDA:19,(anonymous_1)
FNDA:6,(anonymous_2)
FNDA:6,(anonymous_3)
FNDA:12,(anonymous_4)
FNDA:19,(anonymous_5)
FNDA:0,(anonymous_6)
FNDA:1,(anonymous_7)
FNDA:2,(anonymous_8)
FNDA:1,(anonymous_9)
FNDA:2,(anonymous_10)
FNDA:2,(anonymous_11)
FNDA:4,(anonymous_12)
FNDA:0,(anonymous_13)
FNDA:0,(anonymous_14)
FNDA:1,(anonymous_15)
FNDA:2,(anonymous_16)
FNDA:0,(anonymous_17)
DA:9,1
DA:18,1
DA:19,11
DA:21,11
DA:23,0
DA:27,1
DA:28,19
DA:30,19
DA:31,6
DA:32,6
DA:33,6
DA:34,6
DA:35,6
DA:36,12
DA:38,6
DA:47,0
DA:50,6
DA:54,19
DA:55,19
DA:58,19
DA:59,0
DA:60,0
DA:61,0
DA:63,0
DA:67,19
DA:69,1
DA:70,2
DA:71,1
DA:83,19
DA:85,1
DA:86,2
DA:87,1
DA:93,19
DA:95,2
DA:96,4
DA:97,4
DA:99,0
DA:101,2
DA:106,19
DA:108,0
DA:109,0
DA:110,0
DA:116,19
DA:117,2
DA:118,1
DA:127,19
DA:129,0
DA:130,0
DA:131,0
DA:143,19
LF:50
LH:37
BRDA:19,0,0,11
BRDA:19,0,1,0
BRDA:31,1,0,6
BRDA:31,1,1,0
BRDA:60,2,0,0
BRDA:60,2,1,0
BRDA:69,3,0,1
BRDA:69,3,1,0
BRDA:85,4,0,1
BRDA:85,4,1,0
BRDA:85,5,0,1
BRDA:85,5,1,1
BRDA:86,6,0,1
BRDA:86,6,1,1
BRDA:96,7,0,4
BRDA:96,7,1,0
BRDA:96,8,0,4
BRDA:96,8,1,4
BRDA:108,9,0,0
BRDA:108,9,1,0
BRDA:109,10,0,0
BRDA:109,10,1,0
BRDA:134,11,0,0
BRDA:134,11,1,0
BRDA:147,12,0,19
BRDA:147,12,1,19
BRF:26
BRH:13
end_of_record
TN:
SF:src\components\Admin\components\index.js
FNF:0
FNH:0
LF:0
LH:0
BRF:0
BRH:0
end_of_record
TN:
SF:src\components\Admin\components\AdminList\index.js
FN:8,(anonymous_0)
FN:9,(anonymous_1)
FN:42,(anonymous_2)
FN:49,(anonymous_3)
FNF:4
FNH:4
FNDA:23,(anonymous_0)
FNDA:20,(anonymous_1)
FNDA:31,(anonymous_2)
FNDA:30,(anonymous_3)
DA:8,2
DA:9,23
DA:11,23
DA:43,31
DA:50,30
DA:65,2
LF:6
LH:6
BRDA:40,0,0,23
BRDA:40,0,1,23
BRDA:44,1,0,31
BRDA:44,1,1,1
BRDA:44,1,2,1
BRF:5
BRH:5
end_of_record
TN:
SF:src\components\Admin\components\AdminList\components\index.js
FNF:0
FNH:0
LF:0
LH:0
BRF:0
BRH:0
end_of_record
TN:
SF:src\components\Admin\components\AdminList\components\AdminActions\index.js
FN:10,(anonymous_0)
FN:10,(anonymous_1)
FN:10,(anonymous_2)
FN:19,(anonymous_3)
FN:26,(anonymous_4)
FNF:5
FNH:3
FNDA:33,(anonymous_0)
FNDA:0,(anonymous_1)
FNDA:0,(anonymous_2)
FNDA:3,(anonymous_3)
FNDA:4,(anonymous_4)
DA:10,4
DA:11,33
DA:19,3
DA:26,4
DA:33,4
LF:5
LH:5
BRDA:10,0,0,0
BRDA:10,1,0,0
BRDA:10,2,0,2
BRF:3
BRH:1
end_of_record
TN:
SF:src\components\Admin\components\AdminList\components\RenderAdminRow\index.js
FN:10,(anonymous_0)
FN:31,(anonymous_1)
FN:44,(anonymous_2)
FN:62,(anonymous_3)
FN:71,(anonymous_4)
FNF:5
FNH:2
FNDA:37,(anonymous_0)
FNDA:0,(anonymous_1)
FNDA:0,(anonymous_2)
FNDA:2,(anonymous_3)
FNDA:0,(anonymous_4)
DA:10,3
DA:16,37
DA:17,37
DA:18,37
DA:19,37
DA:21,37
DA:31,0
DA:44,0
DA:63,2
DA:68,2
DA:71,0
DA:81,3
LF:12
LH:9
BRDA:11,0,0,0
BRDA:23,1,0,9
BRDA:23,1,1,28
BRDA:24,2,0,35
BRDA:24,2,1,2
BRF:5
BRH:4
end_of_record
TN:
SF:src\components\Admin\components\DeleteSelected\index.js
FN:7,(anonymous_0)
FN:10,(anonymous_1)
FNF:2
FNH:2
FNDA:19,(anonymous_0)
FNDA:2,(anonymous_1)
DA:7,2
DA:8,19
DA:10,2
DA:17,2
LF:4
LH:4
BRF:0
BRH:0
end_of_record
TN:
SF:src\components\Admin\components\SearchAdmin\index.js
FN:6,(anonymous_0)
FNF:1
FNH:1
FNDA:8,(anonymous_0)
DA:6,2
DA:7,8
DA:20,2
LF:3
LH:3
BRF:0
BRH:0
end_of_record
TN:
SF:src\components\common\index.js
FNF:0
FNH:0
LF:0
LH:0
BRF:0
BRH:0
end_of_record
TN:
SF:src\components\common\Pagination\index.js
FN:10,(anonymous_0)
FN:12,(anonymous_1)
FN:12,(anonymous_2)
FN:15,(anonymous_3)
FN:23,(anonymous_4)
FN:31,(anonymous_5)
FN:42,(anonymous_6)
FN:47,(anonymous_7)
FN:66,(anonymous_8)
FN:71,(anonymous_9)
FNF:10
FNH:6
FNDA:24,(anonymous_0)
FNDA:24,(anonymous_1)
FNDA:0,(anonymous_2)
FNDA:0,(anonymous_3)
FNDA:0,(anonymous_4)
FNDA:1,(anonymous_5)
FNDA:0,(anonymous_6)
FNDA:1,(anonymous_7)
FNDA:27,(anonymous_8)
FNDA:1,(anonymous_9)
DA:10,24
DA:12,6
DA:13,24
DA:15,24
DA:16,0
DA:17,0
DA:18,0
DA:19,0
DA:23,24
DA:24,0
DA:25,0
DA:26,0
DA:27,0
DA:31,24
DA:32,1
DA:33,1
DA:34,1
DA:36,1
DA:37,0
DA:38,0
DA:42,24
DA:43,0
DA:44,0
DA:47,24
DA:48,1
DA:49,1
DA:52,24
DA:67,27
DA:71,1
DA:93,6
LF:30
LH:18
BRDA:12,0,0,1
BRDA:12,1,0,1
BRDA:12,2,0,1
BRDA:16,3,0,0
BRDA:16,3,1,0
BRDA:24,4,0,0
BRDA:24,4,1,0
BRDA:32,5,0,1
BRDA:32,5,1,0
BRDA:32,6,0,1
BRDA:32,6,1,1
BRDA:36,7,0,0
BRDA:36,7,1,1
BRDA:60,8,0,21
BRDA:60,8,1,3
BRDA:70,9,0,16
BRDA:70,9,1,11
BRDA:80,10,0,21
BRDA:80,10,1,3
BRF:19
BRH:13
end_of_record
TN:
SF:src\components\common\VerticalGap\index.js
FN:5,(anonymous_0)
FNF:1
FNH:1
FNDA:8,(anonymous_0)
DA:5,6
DA:6,8
DA:9,6
LF:3
LH:3
BRDA:5,0,0,1
BRF:1
BRH:1
end_of_record
TN:
SF:src\components\common\WithBoundary\index.js
FN:3,(anonymous_0)
FN:5,(anonymous_1)
FN:7,(anonymous_2)
FN:11,(anonymous_3)
FN:15,(anonymous_4)
FNF:5
FNH:5
FNDA:1,(anonymous_0)
FNDA:14,(anonymous_1)
FNDA:76,(anonymous_2)
FNDA:1,(anonymous_3)
FNDA:127,(anonymous_4)
DA:3,6
DA:5,6
DA:6,14
DA:8,76
DA:9,76
DA:12,1
DA:13,1
DA:16,127
DA:17,1
DA:19,126
LF:10
LH:10
BRDA:5,0,0,14
BRDA:16,1,0,1
BRDA:16,1,1,126
BRDA:17,2,0,0
BRDA:17,2,1,1
BRF:5
BRH:4
end_of_record
TN:
SF:src\components\images\check.png
FNF:0
FNH:0
DA:1,3
LF:1
LH:1
BRF:0
BRH:0
end_of_record
TN:
SF:src\components\images\delete.png
FNF:0
FNH:0
DA:1,4
LF:1
LH:1
BRF:0
BRH:0
end_of_record
TN:
SF:src\components\images\editing.png
FNF:0
FNH:0
DA:1,4
LF:1
LH:1
BRF:0
BRH:0
end_of_record
TN:
SF:src\components\images\leading-arrow.png
FNF:0
FNH:0
DA:1,6
LF:1
LH:1
BRF:0
BRH:0
end_of_record
TN:
SF:src\components\images\left-arrow.png
FNF:0
FNH:0
DA:1,6
LF:1
LH:1
BRF:0
BRH:0
end_of_record
TN:
SF:src\components\images\remove.png
FNF:0
FNH:0
DA:1,3
LF:1
LH:1
BRF:0
BRH:0
end_of_record
TN:
SF:src\components\images\right-arrow.png
FNF:0
FNH:0
DA:1,6
LF:1
LH:1
BRF:0
BRH:0
end_of_record
TN:
SF:src\components\images\trailing-arrow.png
FNF:0
FNH:0
DA:1,6
LF:1
LH:1
BRF:0
BRH:0
end_of_record
TN:
SF:src\services\constants.js
FNF:0
FNH:0
DA:1,1
LF:1
LH:1
BRF:0
BRH:0
end_of_record
